<?xml version="1.0" encoding="UTF-8"?>
<testng-results ignored="0" total="1" passed="1" failed="0" skipped="0">
  <reporter-output>
  </reporter-output>
  <suite started-at="2026-02-26T16:14:58 IST" name="Default suite" finished-at="2026-02-26T16:15:08 IST" duration-ms="9694">
    <groups>
    </groups>
    <test started-at="2026-02-26T16:14:58 IST" name="Default test" finished-at="2026-02-26T16:15:08 IST" duration-ms="9694">
      <class name="testcase.TestLogin">
        <test-method is-config="true" signature="browser()[pri:0, instance:testcase.TestLogin@7486b455]" started-at="2026-02-26T16:14:58 IST" name="browser" finished-at="2026-02-26T16:15:04 IST" duration-ms="5815" status="PASS">
          <reporter-output>
          </reporter-output>
        </test-method> <!-- browser -->
        <test-method signature="verfiyusername()[pri:0, instance:testcase.TestLogin@7486b455]" started-at="2026-02-26T16:15:04 IST" name="verfiyusername" finished-at="2026-02-26T16:15:07 IST" duration-ms="3120" status="PASS">
          <reporter-output>
          </reporter-output>
        </test-method> <!-- verfiyusername -->
        <test-method is-config="true" signature="teardown()[pri:0, instance:testcase.TestLogin@7486b455]" started-at="2026-02-26T16:15:07 IST" name="teardown" finished-at="2026-02-26T16:15:08 IST" duration-ms="485" status="PASS">
          <reporter-output>
          </reporter-output>
        </test-method> <!-- teardown -->
      </class> <!-- testcase.TestLogin -->
    </test> <!-- Default test -->
  </suite> <!-- Default suite -->
</testng-results>
